<?xml version="1.0" encoding="UTF-8"?>
<!-- Generated by org.testng.reporters.JUnitXMLReporter -->
<testsuite ignored="3" hostname="DESKTOP-MNSU8OR" failures="0" tests="1" name="Default test" time="265.284" errors="0" timestamp="2025-02-25T11:10:58 IST">
  <testcase classname="com.comcast.crm.OrgTest.CreateNewOrgTestNGTest" name="CreateOrg" time="13.824"/>
  <testcase classname="com.comcast.crm.OrgTest.CreateNewOrgTestNGTest" name="CreateOrganisationWithPhoneNumberTest" time="0.0">
    <ignored/>
  </testcase> <!-- CreateOrganisationWithPhoneNumberTest -->
  <testcase classname="com.comcast.crm.OrgTest.CreateNewOrgTestNGTest" name="CreateAndDeleteOrgTest" time="0.0">
    <ignored/>
  </testcase> <!-- CreateAndDeleteOrgTest -->
  <testcase classname="com.comcast.crm.OrgTest.CreateNewOrgTestNGTest" name="CreateOrgWithIndustry" time="0.0">
    <ignored/>
  </testcase> <!-- CreateOrgWithIndustry -->
</testsuite> <!-- Default test -->
