<?xml version="1.0" encoding="UTF-8"?>
<testng-results ignored="0" total="1" passed="1" failed="0" skipped="0">
  <reporter-output>
  </reporter-output>
  <suite started-at="2025-02-25T11:06:33 IST" name="Default suite" finished-at="2025-02-25T11:10:58 IST" duration-ms="265284">
    <groups>
      <group name="smokeTest">
        <method signature="CreateNewOrgTestNGTest.CreateOrg()[pri:0, instance:com.comcast.crm.OrgTest.CreateNewOrgTestNGTest@4201c465]" name="CreateOrg" class="com.comcast.crm.OrgTest.CreateNewOrgTestNGTest"/>
      </group> <!-- smokeTest -->
    </groups>
    <test started-at="2025-02-25T11:06:33 IST" name="Default test" finished-at="2025-02-25T11:10:58 IST" duration-ms="265284">
      <class name="com.comcast.crm.OrgTest.CreateNewOrgTestNGTest">
        <test-method is-config="true" signature="configBS()[pri:0, instance:com.comcast.crm.OrgTest.CreateNewOrgTestNGTest@4201c465]" started-at="2025-02-25T11:05:55 IST" name="configBS" finished-at="2025-02-25T11:06:33 IST" duration-ms="37797" status="PASS">
          <reporter-output>
          </reporter-output>
        </test-method> <!-- configBS -->
        <test-method is-config="true" signature="configBC()[pri:0, instance:com.comcast.crm.OrgTest.CreateNewOrgTestNGTest@4201c465]" started-at="2025-02-25T11:06:33 IST" name="configBC" finished-at="2025-02-25T11:06:49 IST" duration-ms="16710" status="PASS">
          <reporter-output>
          </reporter-output>
        </test-method> <!-- configBC -->
        <test-method is-config="true" signature="configBM()[pri:0, instance:com.comcast.crm.OrgTest.CreateNewOrgTestNGTest@4201c465]" started-at="2025-02-25T11:06:49 IST" name="configBM" finished-at="2025-02-25T11:10:34 IST" duration-ms="224396" status="PASS">
          <reporter-output>
          </reporter-output>
        </test-method> <!-- configBM -->
        <test-method signature="CreateOrg()[pri:0, instance:com.comcast.crm.OrgTest.CreateNewOrgTestNGTest@4201c465]" started-at="2025-02-25T11:10:34 IST" name="CreateOrg" finished-at="2025-02-25T11:10:48 IST" duration-ms="13824" status="PASS">
          <reporter-output>
          </reporter-output>
        </test-method> <!-- CreateOrg -->
        <test-method is-config="true" signature="configAM()[pri:0, instance:com.comcast.crm.OrgTest.CreateNewOrgTestNGTest@4201c465]" started-at="2025-02-25T11:10:48 IST" name="configAM" finished-at="2025-02-25T11:10:55 IST" duration-ms="6865" status="PASS">
          <reporter-output>
          </reporter-output>
        </test-method> <!-- configAM -->
        <test-method is-config="true" signature="configAC()[pri:0, instance:com.comcast.crm.OrgTest.CreateNewOrgTestNGTest@4201c465]" started-at="2025-02-25T11:10:55 IST" name="configAC" finished-at="2025-02-25T11:10:58 IST" duration-ms="3342" status="PASS">
          <reporter-output>
          </reporter-output>
        </test-method> <!-- configAC -->
        <test-method is-config="true" signature="configAS()[pri:0, instance:com.comcast.crm.OrgTest.CreateNewOrgTestNGTest@4201c465]" started-at="2025-02-25T11:10:58 IST" name="configAS" finished-at="2025-02-25T11:11:33 IST" duration-ms="34703" status="PASS">
          <reporter-output>
          </reporter-output>
        </test-method> <!-- configAS -->
      </class> <!-- com.comcast.crm.OrgTest.CreateNewOrgTestNGTest -->
    </test> <!-- Default test -->
  </suite> <!-- Default suite -->
</testng-results>
