<?xml version="1.0" encoding="UTF-8"?>
<!-- Generated by org.testng.reporters.JUnitXMLReporter -->
<testsuite ignored="0" hostname="DESKTOP-MNSU8OR" failures="0" tests="4" name="Test" time="99.027" errors="0" timestamp="2025-02-21T14:36:33 IST">
  <testcase classname="com.comcast.crm.OrgTest.CreateNewOrgTestNGTest" name="CreateAndDeleteOrgTest" time="19.746"/>
  <testcase classname="com.comcast.crm.OrgTest.CreateNewOrgTestNGTest" name="CreateOrg" time="14.75"/>
  <testcase classname="com.comcast.crm.OrgTest.CreateNewOrgTestNGTest" name="CreateOrgWithIndustry" time="15.713"/>
  <testcase classname="com.comcast.crm.OrgTest.CreateNewOrgTestNGTest" name="CreateOrganisationWithPhoneNumberTest" time="16.248"/>
</testsuite> <!-- Test -->
