<?xml version="1.0" encoding="UTF-8"?>
<!-- Generated by org.testng.reporters.JUnitXMLReporter -->
<testsuite ignored="2" hostname="DESKTOP-MNSU8OR" failures="0" tests="7" name="TestRunner-Chrome" time="200.288" errors="0" timestamp="2025-02-19T16:58:01 IST">
  <testcase classname="com.comcast.crm.ContactTest.CreateContactTestNGTest" name="CreateConatctWithSupportDateTest" time="18.613"/>
  <testcase classname="com.comcast.crm.ContactTest.CreateContactTestNGTest" name="CreateContactTest" time="21.306"/>
  <testcase classname="com.comcast.crm.ContactTest.CreateContactTestNGTest" name="CreateContactsWithOrganisationTest" time="37.222"/>
  <testcase classname="com.comcast.crm.OrgTest.CreateNewOrgTestNGTest" name="CreateAndDeleteOrgTest" time="20.941"/>
  <testcase classname="com.comcast.crm.OrgTest.CreateNewOrgTestNGTest" name="CreateOrg" time="15.447"/>
  <testcase classname="com.comcast.crm.OrgTest.CreateNewOrgTestNGTest" name="CreateOrgWithIndustry" time="15.852"/>
  <testcase classname="com.comcast.crm.OrgTest.CreateNewOrgTestNGTest" name="CreateOrganisationWithPhoneNumberTest" time="15.384"/>
  <testcase classname="com.comcast.crm.BaseClassUtility.BaseClass" name="@BeforeSuite configBS" time="0.0">
    <ignored/>
  </testcase> <!-- @BeforeSuite configBS -->
  <testcase classname="com.comcast.crm.BaseClassUtility.BaseClass" name="@AfterSuite configAS" time="0.0">
    <ignored/>
  </testcase> <!-- @AfterSuite configAS -->
</testsuite> <!-- TestRunner-Chrome -->
