<?xml version="1.0" encoding="UTF-8"?>
<!-- Generated by org.testng.reporters.JUnitXMLReporter -->
<testsuite ignored="2" hostname="DESKTOP-MNSU8OR" failures="0" tests="7" name="TestRunner-edge" time="210.907" errors="0" timestamp="2025-02-19T16:58:11 IST">
  <testcase classname="com.comcast.crm.ContactTest.CreateContactTestNGTest" name="CreateConatctWithSupportDateTest" time="18.527"/>
  <testcase classname="com.comcast.crm.ContactTest.CreateContactTestNGTest" name="CreateContactTest" time="19.655"/>
  <testcase classname="com.comcast.crm.ContactTest.CreateContactTestNGTest" name="CreateContactsWithOrganisationTest" time="37.479"/>
  <testcase classname="com.comcast.crm.OrgTest.CreateNewOrgTestNGTest" name="CreateAndDeleteOrgTest" time="20.466"/>
  <testcase classname="com.comcast.crm.OrgTest.CreateNewOrgTestNGTest" name="CreateOrg" time="14.424"/>
  <testcase classname="com.comcast.crm.OrgTest.CreateNewOrgTestNGTest" name="CreateOrgWithIndustry" time="15.083"/>
  <testcase classname="com.comcast.crm.OrgTest.CreateNewOrgTestNGTest" name="CreateOrganisationWithPhoneNumberTest" time="14.722"/>
  <testcase classname="com.comcast.crm.BaseClassUtility.BaseClass" name="@AfterSuite configAS" time="0.0">
    <ignored/>
  </testcase> <!-- @AfterSuite configAS -->
  <testcase classname="com.comcast.crm.BaseClassUtility.BaseClass" name="@BeforeSuite configBS" time="0.0">
    <ignored/>
  </testcase> <!-- @BeforeSuite configBS -->
</testsuite> <!-- TestRunner-edge -->
